<?xml version="1.0" encoding="UTF-8"?>
<!-- Generated by org.testng.reporters.JUnitReportReporter -->
<testsuite hostname="LAPTOP-OAFIFDET" failures="0" tests="1" name="com.Trello.TestPage.LoginPageTest" time="18.421" errors="0" timestamp="2023-01-05T14:10:37 IST" skipped="0">
  <testcase classname="com.Trello.TestPage.LoginPageTest" name="loginPage" time="18.421"/>
  <system-out/>
</testsuite> <!-- com.Trello.TestPage.LoginPageTest -->
